<?xml version="1.0" encoding="UTF-8"?>
<testsuite xmlns:xsi="http://www.w3.org/2001/XMLSchema-instance" xsi:noNamespaceSchemaLocation="https://maven.apache.org/surefire/maven-surefire-plugin/xsd/surefire-test-report.xsd" version="3.0.2" name="com.safe.springboot.api.safe_bite.SafeBiteApplicationTests" time="3.255" tests="1" errors="0" skipped="0" failures="0">
  <properties>
[...]
</properties>
  <testcase name="contextLoads" classname="com.safe.springboot.api.safe_bite.SafeBiteApplicationTests" time="0.293">
    <system-out><![CDATA[19:23:34.702 [main] INFO org.springframework.test.context.support.AnnotationConfigContextLoaderUtils -- Could not detect default configuration classes for test class [com.safe.springboot.api.safe_bite.SafeBiteApplicationTests]: SafeBiteApplicationTests does not declare any static, non-private, non-final, nested classes annotated with @Configuration.
19:23:34.753 [main] INFO org.springframework.boot.test.context.SpringBootTestContextBootstrapper -- Found @SpringBootConfiguration com.safe.springboot.api.safe_bite.SafeBiteApplication for test class com.safe.springboot.api.safe_bite.SafeBiteApplicationTests
19:23:34.816 [main] INFO org.springframework.boot.devtools.restart.RestartApplicationListener -- Restart disabled due to context in which it is running

  .   ____          _            __ _ _
 /\\ / ___'_ __ _ _(_)_ __  __ _ \ \ \ \
( ( )\___ | '_ | '_| | '_ \/ _` | \ \ \ \
 \\/  ___)| |_)| | | | | || (_| |  ) ) ) )
  '  |____| .__|_| |_|_| |_\__, | / / / /
 =========|_|==============|___/=/_/_/_/

 :: Spring Boot ::                (v3.4.3)

2025-04-22T19:23:34.916+03:00  INFO 68133 --- [safe-bite] [           main] c.a.s.p.s.AwsSpringWebRuntimeInitializer : AWS Environment: {COMMAND_MODE=unix2003, TERM_SESSION_ID=6c766797-081a-420b-855d-36ccad33ecc9, SHLVL=2, SHELL=/bin/zsh, __CFBundleIdentifier=com.jetbrains.intellij, TMPDIR=/var/folders/lz/qyb_kkjx0jn3gkgg1czmts_c0000gn/T/, MAVEN_PROJECTBASEDIR=/Users/macbookpro/SafeBite/safe-bite-api, HOME=/Users/macbookpro, NVM_INC=/Users/macbookpro/.nvm/versions/node/v22.14.0/include/node, PATH=/Users/macbookpro/.nvm/versions/node/v22.14.0/bin:/usr/local/bin:/System/Cryptexes/App/usr/bin:/usr/bin:/bin:/usr/sbin:/sbin:/var/run/com.apple.security.cryptexd/codex.system/bootstrap/usr/local/bin:/var/run/com.apple.security.cryptexd/codex.system/bootstrap/usr/bin:/var/run/com.apple.security.cryptexd/codex.system/bootstrap/usr/appleinternal/bin:/usr/local/share/dotnet:/Users/macbookpro/.dotnet/tools:/Library/Frameworks/Mono.framework/Versions/Current/Commands:/opt/homebrew/bin:/opt/homebrew/bin, LOGNAME=macbookpro, TERM=xterm-256color, XPC_FLAGS=0x0, __CF_USER_TEXT_ENCODING=0x1F5:0x0:0x0, MAVEN_CMD_LINE_ARGS= clean package, NVM_CD_FLAGS=-q, NVM_DIR=/Users/macbookpro/.nvm, LC_CTYPE=UTF-8, JAVA_HOME=/opt/homebrew/opt/openjdk/libexec/openjdk.jdk/Contents/Home, IJ_RESTARTER_LOG=/Users/macbookpro/Library/Logs/JetBrains/IntelliJIdea2024.3/restarter.log, SSH_AUTH_SOCK=/private/tmp/com.apple.launchd.kcYmrTRBnc/Listeners, OLDPWD=/Users/macbookpro/SafeBite/safe-bite-api, XPC_SERVICE_NAME=0, USER=macbookpro, NVM_BIN=/Users/macbookpro/.nvm/versions/node/v22.14.0/bin, PWD=/Users/macbookpro/SafeBite/safe-bite-api, _=/opt/homebrew/Cellar/openjdk/23.0.2/libexec/openjdk.jdk/Contents/Home/bin/java, TERMINAL_EMULATOR=JetBrains-JediTerm}
2025-04-22T19:23:34.918+03:00  INFO 68133 --- [safe-bite] [           main] c.s.s.a.s.SafeBiteApplicationTests       : Starting SafeBiteApplicationTests using Java 23.0.2 with PID 68133 (started by macbookpro in /Users/macbookpro/SafeBite/safe-bite-api)
2025-04-22T19:23:34.918+03:00  INFO 68133 --- [safe-bite] [           main] c.s.s.a.s.SafeBiteApplicationTests       : No active profile set, falling back to 1 default profile: "default"
2025-04-22T19:23:35.200+03:00  INFO 68133 --- [safe-bite] [           main] .s.d.r.c.RepositoryConfigurationDelegate : Bootstrapping Spring Data JPA repositories in DEFAULT mode.
2025-04-22T19:23:35.226+03:00  INFO 68133 --- [safe-bite] [           main] .s.d.r.c.RepositoryConfigurationDelegate : Finished Spring Data repository scanning in 21 ms. Found 3 JPA repository interfaces.
2025-04-22T19:23:35.433+03:00  INFO 68133 --- [safe-bite] [           main] o.hibernate.jpa.internal.util.LogHelper  : HHH000204: Processing PersistenceUnitInfo [name: default]
2025-04-22T19:23:35.458+03:00  INFO 68133 --- [safe-bite] [           main] org.hibernate.Version                    : HHH000412: Hibernate ORM core version 6.6.8.Final
2025-04-22T19:23:35.473+03:00  INFO 68133 --- [safe-bite] [           main] o.h.c.internal.RegionFactoryInitiator    : HHH000026: Second-level cache disabled
2025-04-22T19:23:35.593+03:00  INFO 68133 --- [safe-bite] [           main] o.s.o.j.p.SpringPersistenceUnitInfo      : No LoadTimeWeaver setup: ignoring JPA class transformer
2025-04-22T19:23:35.606+03:00  INFO 68133 --- [safe-bite] [           main] com.zaxxer.hikari.HikariDataSource       : HikariPool-1 - Starting...
2025-04-22T19:23:36.307+03:00  INFO 68133 --- [safe-bite] [           main] com.zaxxer.hikari.pool.HikariPool        : HikariPool-1 - Added connection org.postgresql.jdbc.PgConnection@fe08eaf
2025-04-22T19:23:36.308+03:00  INFO 68133 --- [safe-bite] [           main] com.zaxxer.hikari.HikariDataSource       : HikariPool-1 - Start completed.
2025-04-22T19:23:36.361+03:00  WARN 68133 --- [safe-bite] [           main] org.hibernate.orm.deprecation            : HHH90000025: PostgreSQLDialect does not need to be specified explicitly using 'hibernate.dialect' (remove the property setting and it will be selected by default)
2025-04-22T19:23:36.420+03:00  INFO 68133 --- [safe-bite] [           main] org.hibernate.orm.connections.pooling    : HHH10001005: Database info:
	Database JDBC URL [Connecting through datasource 'HikariDataSource (HikariPool-1)']
	Database driver: undefined/unknown
	Database version: 17.2
	Autocommit mode: undefined/unknown
	Isolation level: undefined/unknown
	Minimum pool size: undefined/unknown
	Maximum pool size: undefined/unknown
2025-04-22T19:23:36.549+03:00  WARN 68133 --- [safe-bite] [           main] org.hibernate.mapping.RootClass          : HHH000038: Composite-id class does not override equals(): com.safe.springboot.api.safe_bite.model.FavoriteId
2025-04-22T19:23:36.549+03:00  WARN 68133 --- [safe-bite] [           main] org.hibernate.mapping.RootClass          : HHH000039: Composite-id class does not override hashCode(): com.safe.springboot.api.safe_bite.model.FavoriteId
2025-04-22T19:23:36.832+03:00  INFO 68133 --- [safe-bite] [           main] o.h.e.t.j.p.i.JtaPlatformInitiator       : HHH000489: No JTA platform available (set 'hibernate.transaction.jta.platform' to enable JTA platform integration)
2025-04-22T19:23:36.948+03:00  INFO 68133 --- [safe-bite] [           main] j.LocalContainerEntityManagerFactoryBean : Initialized JPA EntityManagerFactory for persistence unit 'default'
2025-04-22T19:23:37.329+03:00  WARN 68133 --- [safe-bite] [           main] JpaBaseConfiguration$JpaWebConfiguration : spring.jpa.open-in-view is enabled by default. Therefore, database queries may be performed during view rendering. Explicitly configure spring.jpa.open-in-view to disable this warning
2025-04-22T19:23:37.586+03:00  INFO 68133 --- [safe-bite] [           main] c.s.s.a.s.SafeBiteApplicationTests       : Started SafeBiteApplicationTests in 2.775 seconds (process running for 3.188)
]]></system-out>
    <system-err><![CDATA[Mockito is currently self-attaching to enable the inline-mock-maker. This will no longer work in future releases of the JDK. Please add Mockito as an agent to your build what is described in Mockito's documentation: https://javadoc.io/doc/org.mockito/mockito-core/latest/org/mockito/Mockito.html#0.3
WARNING: A Java agent has been loaded dynamically (/Users/macbookpro/.m2/repository/net/bytebuddy/byte-buddy-agent/1.15.11/byte-buddy-agent-1.15.11.jar)
WARNING: If a serviceability tool is in use, please run with -XX:+EnableDynamicAgentLoading to hide this warning
WARNING: If a serviceability tool is not in use, please run with -Djdk.instrument.traceUsage for more information
WARNING: Dynamic loading of agents will be disallowed by default in a future release
]]></system-err>
  </testcase>
</testsuite>